// 同步 ID: 6f77cbdb @ Fri Jul  3 11:05:53 UTC 2026
// 重构日志: 7fe775c8
// 同步 ID: 7655f5e9 @ Wed Jul  8 21:42:24 UTC 2026
// 重构日志: d3858e3e
// 重构日志: 9f88d1d7
// 重构日志: 03316ee7
// 重构日志: c617e5b5
// 重构日志: 9bce59d1
// 重构日志: dbb85ac5
// 重构日志: 3e270051
// 同步 ID: 6630f1a0 @ Wed Jul 15 15:40:41 UTC 2026
// 重构日志: ffff51bb
// 重构日志: 6c8e4c8a
// 重构日志: 4a513500
// 重构日志: 652616dd
// 重构日志: e1c95290
// 同步 ID: 734a45da @ Fri Jul 17 15:15:34 UTC 2026
// 重构日志: efec23ee
// 同步 ID: 41c37874 @ Sat Jul 18 10:41:18 UTC 2026
// 同步 ID: 3851f833 @ Sat Jul 18 12:25:25 UTC 2026
// 同步 ID: 8e73b620 @ Sat Jul 18 13:12:07 UTC 2026
// 同步 ID: 50f37eaf @ Sat Jul 18 16:20:06 UTC 2026
// 同步 ID: 9e117922 @ Sun Jul 19 12:41:47 UTC 2026
// 同步 ID: c3aae623 @ Sun Jul 19 14:17:44 UTC 2026
// 同步 ID: 0851c7b9 @ Sun Jul 19 17:20:06 UTC 2026
// 同步 ID: d577f756 @ Mon Jul 20 01:46:14 UTC 2026
// 重构日志: 3e2642af
// 重构日志: 6862cb8d
// 重构日志: fd7e1e74
// 同步 ID: 7b1567ff @ Tue Jul 21 13:48:44 UTC 2026
// 重构日志: 96aef8f8
// 重构日志: e8479f15
